Traceback (most recent call last):
  File "/Users/tylerbonnell/opt/anaconda3/envs/bookdown/lib/python3.8/site-packages/jupyter_cache/executors/utils.py", line 51, in single_nb_execution
    executenb(
  File "/Users/tylerbonnell/opt/anaconda3/envs/bookdown/lib/python3.8/site-packages/nbclient/client.py", line 1112, in execute
    return NotebookClient(nb=nb, resources=resources, km=km, **kwargs).execute()
  File "/Users/tylerbonnell/opt/anaconda3/envs/bookdown/lib/python3.8/site-packages/nbclient/util.py", line 74, in wrapped
    return just_run(coro(*args, **kwargs))
  File "/Users/tylerbonnell/opt/anaconda3/envs/bookdown/lib/python3.8/site-packages/nbclient/util.py", line 53, in just_run
    return loop.run_until_complete(coro)
  File "/Users/tylerbonnell/opt/anaconda3/envs/bookdown/lib/python3.8/asyncio/base_events.py", line 616, in run_until_complete
    return future.result()
  File "/Users/tylerbonnell/opt/anaconda3/envs/bookdown/lib/python3.8/site-packages/nbclient/client.py", line 553, in async_execute
    await self.async_execute_cell(
  File "/Users/tylerbonnell/opt/anaconda3/envs/bookdown/lib/python3.8/site-packages/nbclient/client.py", line 857, in async_execute_cell
    self._check_raise_for_error(cell, exec_reply)
  File "/Users/tylerbonnell/opt/anaconda3/envs/bookdown/lib/python3.8/site-packages/nbclient/client.py", line 760, in _check_raise_for_error
    raise CellExecutionError.from_cell_and_msg(cell, exec_reply_content)
nbclient.exceptions.CellExecutionError: An error occurred while executing the following cell:
------------------

#importing code from already exhisting python packages!
import numpy as np

#create an array from a list of numbers
x1 = np.array([0,1,2,3,4,5,6,7])

#Take a look at what we made
x1

------------------

[0;31m---------------------------------------------------------------------------[0m
[0;31mModuleNotFoundError[0m                       Traceback (most recent call last)
[0;32m/var/folders/nq/fg2nt31j5_d6kvdhn415fcnw0000gn/T/ipykernel_2679/1046305140.py[0m in [0;36m<module>[0;34m[0m
[1;32m      1[0m [0;31m#importing code from already exhisting python packages![0m[0;34m[0m[0;34m[0m[0;34m[0m[0m
[0;32m----> 2[0;31m [0;32mimport[0m [0mnumpy[0m [0;32mas[0m [0mnp[0m[0;34m[0m[0;34m[0m[0m
[0m[1;32m      3[0m [0;34m[0m[0m
[1;32m      4[0m [0;31m#create an array from a list of numbers[0m[0;34m[0m[0;34m[0m[0;34m[0m[0m
[1;32m      5[0m [0mx1[0m [0;34m=[0m [0mnp[0m[0;34m.[0m[0marray[0m[0;34m([0m[0;34m[[0m[0;36m0[0m[0;34m,[0m[0;36m1[0m[0;34m,[0m[0;36m2[0m[0;34m,[0m[0;36m3[0m[0;34m,[0m[0;36m4[0m[0;34m,[0m[0;36m5[0m[0;34m,[0m[0;36m6[0m[0;34m,[0m[0;36m7[0m[0;34m][0m[0;34m)[0m[0;34m[0m[0;34m[0m[0m

[0;31mModuleNotFoundError[0m: No module named 'numpy'
ModuleNotFoundError: No module named 'numpy'

